# JRE version: OpenJDK Runtime Environment (17.0.7) (build 17.0.7+0-b2043.56-10550314)
# Java VM: OpenJDK 64-Bit Server VM (17.0.7+0-b2043.56-10550314, mixed mode, tiered, compressed oops, compressed class ptrs, g1 gc, windows-amd64)
GC Precious Log:
 CPUs: 16 total, 16 available
 Memory: 16333M
 Large Page Support: Disabled
 NUMA Support: Disabled
 Compressed Oops: Enabled (Zero based)
 Heap Region Size: 2M
 Heap Min Capacity: 8M
 Heap Initial Capacity: 256M
 Heap Max Capacity: 4G
 Pre-touch: Disabled
 Parallel Workers: 13
 Concurrent Workers: 3
 Concurrent Refinement Workers: 13
 Periodic GC: Disabled
Heap:
 garbage-first heap   total 425984K, used 218464K [0x0000000700000000, 0x0000000800000000)
  region size 2048K, 54 young (110592K), 4 survivors (8192K)
 Metaspace       used 102211K, committed 103232K, reserved 1179648K
  class space    used 13947K, committed 14400K, reserved 1048576K
GC Heap History (20 events):
Event: 9.743 GC heap before
{Heap before GC invocations=38 (full 0):
 garbage-first heap   total 178176K, used 139631K [0x0000000700000000, 0x0000000800000000)
  region size 2048K, 27 young (55296K), 3 survivors (6144K)
 Metaspace       used 95757K, committed 96512K, reserved 1179648K
  class space    used 13236K, committed 13568K, reserved 1048576K
}
Event: 9.748 GC heap after
{Heap after GC invocations=39 (full 0):
 garbage-first heap   total 178176K, used 94801K [0x0000000700000000, 0x0000000800000000)
  region size 2048K, 2 young (4096K), 2 survivors (4096K)
 Metaspace       used 95757K, committed 96512K, reserved 1179648K
  class space    used 13236K, committed 13568K, reserved 1048576K
}
Event: 10.179 GC heap before
{Heap before GC invocations=39 (full 0):
 garbage-first heap   total 178176K, used 141905K [0x0000000700000000, 0x0000000800000000)
  region size 2048K, 25 young (51200K), 2 survivors (4096K)
 Metaspace       used 97678K, committed 98496K, reserved 1179648K
  class space    used 13494K, committed 13824K, reserved 1048576K
}
Event: 10.185 GC heap after
{Heap after GC invocations=40 (full 0):
 garbage-first heap   total 178176K, used 99769K [0x0000000700000000, 0x0000000800000000)
  region size 2048K, 4 young (8192K), 4 survivors (8192K)
 Metaspace       used 97678K, committed 98496K, reserved 1179648K
  class space    used 13494K, committed 13824K, reserved 1048576K
}
Event: 19.949 GC heap before
{Heap before GC invocations=41 (full 0):
 garbage-first heap   total 178176K, used 142777K [0x0000000700000000, 0x0000000800000000)
  region size 2048K, 26 young (53248K), 4 survivors (8192K)
 Metaspace       used 99078K, committed 99904K, reserved 1179648K
  class space    used 13729K, committed 14080K, reserved 1048576K
}
Event: 19.954 GC heap after
{Heap after GC invocations=42 (full 0):
 garbage-first heap   total 178176K, used 102920K [0x0000000700000000, 0x0000000800000000)
  region size 2048K, 2 young (4096K), 2 survivors (4096K)
 Metaspace       used 99078K, committed 99904K, reserved 1179648K
  class space    used 13729K, committed 14080K, reserved 1048576K
}
Event: 71.206 GC heap before
{Heap before GC invocations=42 (full 0):
 garbage-first heap   total 178176K, used 145928K [0x0000000700000000, 0x0000000800000000)
  region size 2048K, 23 young (47104K), 2 survivors (4096K)
 Metaspace       used 100133K, committed 100992K, reserved 1179648K
  class space    used 13831K, committed 14208K, reserved 1048576K
}
Event: 71.212 GC heap after
{Heap after GC invocations=43 (full 0):
 garbage-first heap   total 178176K, used 104891K [0x0000000700000000, 0x0000000800000000)
  region size 2048K, 3 young (6144K), 3 survivors (6144K)
 Metaspace       used 100133K, committed 100992K, reserved 1179648K
  class space    used 13831K, committed 14208K, reserved 1048576K
}
Event: 71.662 GC heap before
{Heap before GC invocations=44 (full 0):
 garbage-first heap   total 194560K, used 145851K [0x0000000700000000, 0x0000000800000000)
  region size 2048K, 23 young (47104K), 3 survivors (6144K)
 Metaspace       used 100660K, committed 101568K, reserved 1179648K
  class space    used 13852K, committed 14272K, reserved 1048576K
}
Event: 71.669 GC heap after
{Heap after GC invocations=45 (full 0):
 garbage-first heap   total 194560K, used 110664K [0x0000000700000000, 0x0000000800000000)
  region size 2048K, 3 young (6144K), 3 survivors (6144K)
 Metaspace       used 100660K, committed 101568K, reserved 1179648K
  class space    used 13852K, committed 14272K, reserved 1048576K
}
Event: 71.689 GC heap before
{Heap before GC invocations=45 (full 0):
 garbage-first heap   total 194560K, used 112712K [0x0000000700000000, 0x0000000800000000)
  region size 2048K, 4 young (8192K), 3 survivors (6144K)
 Metaspace       used 100677K, committed 101568K, reserved 1179648K
  class space    used 13853K, committed 14272K, reserved 1048576K
}
Event: 71.695 GC heap after
{Heap after GC invocations=46 (full 0):
 garbage-first heap   total 194560K, used 111712K [0x0000000700000000, 0x0000000800000000)
  region size 2048K, 1 young (2048K), 1 survivors (2048K)
 Metaspace       used 100677K, committed 101568K, reserved 1179648K
  class space    used 13853K, committed 14272K, reserved 1048576K
}
Event: 153.644 GC heap before
{Heap before GC invocations=46 (full 0):
 garbage-first heap   total 194560K, used 156768K [0x0000000700000000, 0x0000000800000000)
  region size 2048K, 23 young (47104K), 1 survivors (2048K)
 Metaspace       used 101050K, committed 101952K, reserved 1179648K
  class space    used 13869K, committed 14272K, reserved 1048576K
}
Event: 153.648 GC heap after
{Heap after GC invocations=47 (full 0):
 garbage-first heap   total 194560K, used 115267K [0x0000000700000000, 0x0000000800000000)
  region size 2048K, 3 young (6144K), 3 survivors (6144K)
 Metaspace       used 101050K, committed 101952K, reserved 1179648K
  class space    used 13869K, committed 14272K, reserved 1048576K
}
Event: 153.959 GC heap before
{Heap before GC invocations=48 (full 0):
 garbage-first heap   total 212992K, used 158275K [0x0000000700000000, 0x0000000800000000)
  region size 2048K, 24 young (49152K), 3 survivors (6144K)
 Metaspace       used 101303K, committed 102208K, reserved 1179648K
  class space    used 13880K, committed 14272K, reserved 1048576K
}
Event: 153.967 GC heap after
{Heap after GC invocations=49 (full 0):
 garbage-first heap   total 212992K, used 119441K [0x0000000700000000, 0x0000000800000000)
  region size 2048K, 3 young (6144K), 3 survivors (6144K)
 Metaspace       used 101303K, committed 102208K, reserved 1179648K
  class space    used 13880K, committed 14272K, reserved 1048576K
}
Event: 154.004 GC heap before
{Heap before GC invocations=49 (full 0):
 garbage-first heap   total 212992K, used 123537K [0x0000000700000000, 0x0000000800000000)
  region size 2048K, 5 young (10240K), 3 survivors (6144K)
 Metaspace       used 101331K, committed 102208K, reserved 1179648K
  class space    used 13882K, committed 14272K, reserved 1048576K
}
Event: 154.011 GC heap after
{Heap after GC invocations=50 (full 0):
 garbage-first heap   total 212992K, used 115967K [0x0000000700000000, 0x0000000800000000)
  region size 2048K, 1 young (2048K), 1 survivors (2048K)
 Metaspace       used 101331K, committed 102208K, reserved 1179648K
  class space    used 13882K, committed 14272K, reserved 1048576K
}
Event: 190.720 GC heap before
{Heap before GC invocations=50 (full 0):
 garbage-first heap   total 212992K, used 169215K [0x0000000700000000, 0x0000000800000000)
  region size 2048K, 28 young (57344K), 1 survivors (2048K)
 Metaspace       used 101611K, committed 102528K, reserved 1179648K
  class space    used 13898K, committed 14336K, reserved 1048576K
}
Event: 190.726 GC heap after
{Heap after GC invocations=51 (full 0):
 garbage-first heap   total 425984K, used 122208K [0x0000000700000000, 0x0000000800000000)
  region size 2048K, 4 young (8192K), 4 survivors (8192K)
 Metaspace       used 101611K, committed 102528K, reserved 1179648K
  class space    used 13898K, committed 14336K, reserved 1048576K
}

