# JRE version: OpenJDK Runtime Environment (17.0.7) (build 17.0.7+0-b2043.56-10550314)
# Java VM: OpenJDK 64-Bit Server VM (17.0.7+0-b2043.56-10550314, mixed mode, tiered, compressed oops, compressed class ptrs, g1 gc, windows-amd64)
GC Precious Log:
 CPUs: 16 total, 16 available
 Memory: 16333M
 Large Page Support: Disabled
 NUMA Support: Disabled
 Compressed Oops: Enabled (Zero based)
 Heap Region Size: 2M
 Heap Min Capacity: 8M
 Heap Initial Capacity: 256M
 Heap Max Capacity: 4G
 Pre-touch: Disabled
 Parallel Workers: 13
 Concurrent Workers: 3
 Concurrent Refinement Workers: 13
 Periodic GC: Disabled
Heap:
 garbage-first heap   total 182272K, used 124456K [0x0000000700000000, 0x0000000800000000)
  region size 2048K, 15 young (30720K), 3 survivors (6144K)
 Metaspace       used 98987K, committed 99776K, reserved 1179648K
  class space    used 13676K, committed 14016K, reserved 1048576K
GC Heap History (20 events):
Event: 8.620 GC heap before
{Heap before GC invocations=26 (full 0):
 garbage-first heap   total 122880K, used 96299K [0x0000000700000000, 0x0000000800000000)
  region size 2048K, 17 young (34816K), 2 survivors (4096K)
 Metaspace       used 79630K, committed 80256K, reserved 1179648K
  class space    used 10712K, committed 11008K, reserved 1048576K
}
Event: 8.624 GC heap after
{Heap after GC invocations=27 (full 0):
 garbage-first heap   total 122880K, used 67532K [0x0000000700000000, 0x0000000800000000)
  region size 2048K, 2 young (4096K), 2 survivors (4096K)
 Metaspace       used 79630K, committed 80256K, reserved 1179648K
  class space    used 10712K, committed 11008K, reserved 1048576K
}
Event: 8.777 GC heap before
{Heap before GC invocations=27 (full 0):
 garbage-first heap   total 122880K, used 98252K [0x0000000700000000, 0x0000000800000000)
  region size 2048K, 17 young (34816K), 2 survivors (4096K)
 Metaspace       used 80033K, committed 80640K, reserved 1179648K
  class space    used 10789K, committed 11072K, reserved 1048576K
}
Event: 8.782 GC heap after
{Heap after GC invocations=28 (full 0):
 garbage-first heap   total 122880K, used 70205K [0x0000000700000000, 0x0000000800000000)
  region size 2048K, 3 young (6144K), 3 survivors (6144K)
 Metaspace       used 80033K, committed 80640K, reserved 1179648K
  class space    used 10789K, committed 11072K, reserved 1048576K
}
Event: 8.948 GC heap before
{Heap before GC invocations=29 (full 0):
 garbage-first heap   total 133120K, used 98877K [0x0000000700000000, 0x0000000800000000)
  region size 2048K, 17 young (34816K), 3 survivors (6144K)
 Metaspace       used 80152K, committed 80832K, reserved 1179648K
  class space    used 10802K, committed 11136K, reserved 1048576K
}
Event: 8.952 GC heap after
{Heap after GC invocations=30 (full 0):
 garbage-first heap   total 133120K, used 71873K [0x0000000700000000, 0x0000000800000000)
  region size 2048K, 3 young (6144K), 3 survivors (6144K)
 Metaspace       used 80152K, committed 80832K, reserved 1179648K
  class space    used 10802K, committed 11136K, reserved 1048576K
}
Event: 9.436 GC heap before
{Heap before GC invocations=30 (full 0):
 garbage-first heap   total 133120K, used 106689K [0x0000000700000000, 0x0000000800000000)
  region size 2048K, 20 young (40960K), 3 survivors (6144K)
 Metaspace       used 81415K, committed 82048K, reserved 1179648K
  class space    used 10965K, committed 11264K, reserved 1048576K
}
Event: 9.442 GC heap after
{Heap after GC invocations=31 (full 0):
 garbage-first heap   total 159744K, used 74643K [0x0000000700000000, 0x0000000800000000)
  region size 2048K, 3 young (6144K), 3 survivors (6144K)
 Metaspace       used 81415K, committed 82048K, reserved 1179648K
  class space    used 10965K, committed 11264K, reserved 1048576K
}
Event: 9.941 GC heap before
{Heap before GC invocations=32 (full 0):
 garbage-first heap   total 159744K, used 123795K [0x0000000700000000, 0x0000000800000000)
  region size 2048K, 27 young (55296K), 3 survivors (6144K)
 Metaspace       used 86348K, committed 87040K, reserved 1179648K
  class space    used 11842K, committed 12160K, reserved 1048576K
}
Event: 9.945 GC heap after
{Heap after GC invocations=33 (full 0):
 garbage-first heap   total 159744K, used 77888K [0x0000000700000000, 0x0000000800000000)
  region size 2048K, 3 young (6144K), 3 survivors (6144K)
 Metaspace       used 86348K, committed 87040K, reserved 1179648K
  class space    used 11842K, committed 12160K, reserved 1048576K
}
Event: 10.485 GC heap before
{Heap before GC invocations=33 (full 0):
 garbage-first heap   total 159744K, used 127040K [0x0000000700000000, 0x0000000800000000)
  region size 2048K, 27 young (55296K), 3 survivors (6144K)
 Metaspace       used 88216K, committed 88896K, reserved 1179648K
  class space    used 12118K, committed 12416K, reserved 1048576K
}
Event: 10.490 GC heap after
{Heap after GC invocations=34 (full 0):
 garbage-first heap   total 159744K, used 83451K [0x0000000700000000, 0x0000000800000000)
  region size 2048K, 4 young (8192K), 4 survivors (8192K)
 Metaspace       used 88216K, committed 88896K, reserved 1179648K
  class space    used 12118K, committed 12416K, reserved 1048576K
}
Event: 10.999 GC heap before
{Heap before GC invocations=35 (full 0):
 garbage-first heap   total 159744K, used 126459K [0x0000000700000000, 0x0000000800000000)
  region size 2048K, 26 young (53248K), 4 survivors (8192K)
 Metaspace       used 90452K, committed 91200K, reserved 1179648K
  class space    used 12461K, committed 12800K, reserved 1048576K
}
Event: 11.007 GC heap after
{Heap after GC invocations=36 (full 0):
 garbage-first heap   total 159744K, used 91271K [0x0000000700000000, 0x0000000800000000)
  region size 2048K, 4 young (8192K), 4 survivors (8192K)
 Metaspace       used 90452K, committed 91200K, reserved 1179648K
  class space    used 12461K, committed 12800K, reserved 1048576K
}
Event: 11.539 GC heap before
{Heap before GC invocations=36 (full 0):
 garbage-first heap   total 159744K, used 128135K [0x0000000700000000, 0x0000000800000000)
  region size 2048K, 22 young (45056K), 4 survivors (8192K)
 Metaspace       used 95406K, committed 96128K, reserved 1179648K
  class space    used 13183K, committed 13504K, reserved 1048576K
}
Event: 11.544 GC heap after
{Heap after GC invocations=37 (full 0):
 garbage-first heap   total 159744K, used 94261K [0x0000000700000000, 0x0000000800000000)
  region size 2048K, 2 young (4096K), 2 survivors (4096K)
 Metaspace       used 95406K, committed 96128K, reserved 1179648K
  class space    used 13183K, committed 13504K, reserved 1048576K
}
Event: 11.914 GC heap before
{Heap before GC invocations=38 (full 0):
 garbage-first heap   total 172032K, used 127029K [0x0000000700000000, 0x0000000800000000)
  region size 2048K, 19 young (38912K), 2 survivors (4096K)
 Metaspace       used 97320K, committed 98176K, reserved 1179648K
  class space    used 13436K, committed 13824K, reserved 1048576K
}
Event: 11.918 GC heap after
{Heap after GC invocations=39 (full 0):
 garbage-first heap   total 172032K, used 97509K [0x0000000700000000, 0x0000000800000000)
  region size 2048K, 3 young (6144K), 3 survivors (6144K)
 Metaspace       used 97320K, committed 98176K, reserved 1179648K
  class space    used 13436K, committed 13824K, reserved 1048576K
}
Event: 12.376 GC heap before
{Heap before GC invocations=39 (full 0):
 garbage-first heap   total 172032K, used 136421K [0x0000000700000000, 0x0000000800000000)
  region size 2048K, 23 young (47104K), 3 survivors (6144K)
 Metaspace       used 98533K, committed 99328K, reserved 1179648K
  class space    used 13596K, committed 13952K, reserved 1048576K
}
Event: 12.382 GC heap after
{Heap after GC invocations=40 (full 0):
 garbage-first heap   total 172032K, used 101928K [0x0000000700000000, 0x0000000800000000)
  region size 2048K, 3 young (6144K), 3 survivors (6144K)
 Metaspace       used 98533K, committed 99328K, reserved 1179648K
  class space    used 13596K, committed 13952K, reserved 1048576K
}

