# JRE version: OpenJDK Runtime Environment (17.0.7) (build 17.0.7+0-b2043.56-10550314)
# Java VM: OpenJDK 64-Bit Server VM (17.0.7+0-b2043.56-10550314, mixed mode, tiered, compressed oops, compressed class ptrs, g1 gc, windows-amd64)
GC Precious Log:
 CPUs: 16 total, 16 available
 Memory: 16333M
 Large Page Support: Disabled
 NUMA Support: Disabled
 Compressed Oops: Enabled (Zero based)
 Heap Region Size: 2M
 Heap Min Capacity: 8M
 Heap Initial Capacity: 256M
 Heap Max Capacity: 4G
 Pre-touch: Disabled
 Parallel Workers: 13
 Concurrent Workers: 3
 Concurrent Refinement Workers: 13
 Periodic GC: Disabled
Heap:
 garbage-first heap   total 552960K, used 229148K [0x0000000700000000, 0x0000000800000000)
  region size 2048K, 40 young (81920K), 0 survivors (0K)
 Metaspace       used 213786K, committed 214976K, reserved 1245184K
  class space    used 28966K, committed 29504K, reserved 1048576K
GC Heap History (20 events):
Event: 57.553 GC heap before
{Heap before GC invocations=98 (full 0):
 garbage-first heap   total 1028096K, used 808729K [0x0000000700000000, 0x0000000800000000)
  region size 2048K, 281 young (575488K), 25 survivors (51200K)
 Metaspace       used 201387K, committed 202432K, reserved 1245184K
  class space    used 27356K, committed 27840K, reserved 1048576K
}
Event: 57.593 GC heap after
{Heap after GC invocations=99 (full 0):
 garbage-first heap   total 1028096K, used 307915K [0x0000000700000000, 0x0000000800000000)
  region size 2048K, 18 young (36864K), 18 survivors (36864K)
 Metaspace       used 201387K, committed 202432K, reserved 1245184K
  class space    used 27356K, committed 27840K, reserved 1048576K
}
Event: 58.158 GC heap before
{Heap before GC invocations=99 (full 0):
 garbage-first heap   total 1028096K, used 813771K [0x0000000700000000, 0x0000000800000000)
  region size 2048K, 266 young (544768K), 18 survivors (36864K)
 Metaspace       used 201629K, committed 202688K, reserved 1245184K
  class space    used 27375K, committed 27840K, reserved 1048576K
}
Event: 58.193 GC heap after
{Heap after GC invocations=100 (full 0):
 garbage-first heap   total 1028096K, used 327307K [0x0000000700000000, 0x0000000800000000)
  region size 2048K, 27 young (55296K), 27 survivors (55296K)
 Metaspace       used 201629K, committed 202688K, reserved 1245184K
  class space    used 27375K, committed 27840K, reserved 1048576K
}
Event: 58.991 GC heap before
{Heap before GC invocations=101 (full 0):
 garbage-first heap   total 1042432K, used 822923K [0x0000000700000000, 0x0000000800000000)
  region size 2048K, 271 young (555008K), 27 survivors (55296K)
 Metaspace       used 201595K, committed 202752K, reserved 1245184K
  class space    used 27345K, committed 27840K, reserved 1048576K
}
Event: 59.020 GC heap after
{Heap after GC invocations=102 (full 0):
 garbage-first heap   total 1042432K, used 328400K [0x0000000700000000, 0x0000000800000000)
  region size 2048K, 19 young (38912K), 19 survivors (38912K)
 Metaspace       used 201595K, committed 202752K, reserved 1245184K
  class space    used 27345K, committed 27840K, reserved 1048576K
}
Event: 59.038 GC heap before
{Heap before GC invocations=102 (full 0):
 garbage-first heap   total 1042432K, used 338640K [0x0000000700000000, 0x0000000800000000)
  region size 2048K, 25 young (51200K), 19 survivors (38912K)
 Metaspace       used 201595K, committed 202752K, reserved 1245184K
  class space    used 27345K, committed 27840K, reserved 1048576K
}
Event: 59.063 GC heap after
{Heap after GC invocations=103 (full 0):
 garbage-first heap   total 2105344K, used 319611K [0x0000000700000000, 0x0000000800000000)
  region size 2048K, 4 young (8192K), 4 survivors (8192K)
 Metaspace       used 201595K, committed 202752K, reserved 1245184K
  class space    used 27345K, committed 27840K, reserved 1048576K
}
Event: 61.282 GC heap before
{Heap before GC invocations=103 (full 0):
 garbage-first heap   total 2105344K, used 1572987K [0x0000000700000000, 0x0000000800000000)
  region size 2048K, 616 young (1261568K), 4 survivors (8192K)
 Metaspace       used 201692K, committed 202752K, reserved 1245184K
  class space    used 27358K, committed 27840K, reserved 1048576K
}
Event: 61.320 GC heap after
{Heap after GC invocations=104 (full 0):
 garbage-first heap   total 2105344K, used 325619K [0x0000000700000000, 0x0000000800000000)
  region size 2048K, 7 young (14336K), 7 survivors (14336K)
 Metaspace       used 201692K, committed 202752K, reserved 1245184K
  class space    used 27358K, committed 27840K, reserved 1048576K
}
Event: 63.292 GC heap before
{Heap before GC invocations=104 (full 0):
 garbage-first heap   total 2105344K, used 1421299K [0x0000000700000000, 0x0000000800000000)
  region size 2048K, 543 young (1112064K), 7 survivors (14336K)
 Metaspace       used 201790K, committed 202752K, reserved 1245184K
  class space    used 27366K, committed 27840K, reserved 1048576K
}
Event: 63.318 GC heap after
{Heap after GC invocations=105 (full 0):
 garbage-first heap   total 2105344K, used 334063K [0x0000000700000000, 0x0000000800000000)
  region size 2048K, 11 young (22528K), 11 survivors (22528K)
 Metaspace       used 201790K, committed 202752K, reserved 1245184K
  class space    used 27366K, committed 27840K, reserved 1048576K
}
Event: 66.895 GC heap before
{Heap before GC invocations=106 (full 0):
 garbage-first heap   total 1441792K, used 1208559K [0x0000000700000000, 0x0000000800000000)
  region size 2048K, 422 young (864256K), 11 survivors (22528K)
 Metaspace       used 203316K, committed 204288K, reserved 1245184K
  class space    used 27536K, committed 27968K, reserved 1048576K
}
Event: 66.913 GC heap after
{Heap after GC invocations=107 (full 0):
 garbage-first heap   total 1441792K, used 351051K [0x0000000700000000, 0x0000000800000000)
  region size 2048K, 14 young (28672K), 14 survivors (28672K)
 Metaspace       used 203316K, committed 204288K, reserved 1245184K
  class space    used 27536K, committed 27968K, reserved 1048576K
}
Event: 67.059 GC heap before
{Heap before GC invocations=107 (full 0):
 garbage-first heap   total 1441792K, used 392011K [0x0000000700000000, 0x0000000800000000)
  region size 2048K, 35 young (71680K), 14 survivors (28672K)
 Metaspace       used 204392K, committed 205440K, reserved 1245184K
  class space    used 27702K, committed 28224K, reserved 1048576K
}
Event: 67.101 GC heap after
{Heap after GC invocations=108 (full 0):
 garbage-first heap   total 1441792K, used 350273K [0x0000000700000000, 0x0000000800000000)
  region size 2048K, 5 young (10240K), 5 survivors (10240K)
 Metaspace       used 204392K, committed 205440K, reserved 1245184K
  class space    used 27702K, committed 28224K, reserved 1048576K
}
Event: 1748.511 GC heap before
{Heap before GC invocations=108 (full 0):
 garbage-first heap   total 1441792K, used 1390656K [0x0000000700000000, 0x0000000800000000)
  region size 2048K, 349 young (714752K), 5 survivors (10240K)
 Metaspace       used 213410K, committed 214528K, reserved 1245184K
  class space    used 28920K, committed 29440K, reserved 1048576K
}
Event: 1748.530 GC heap after
{Heap after GC invocations=109 (full 0):
 garbage-first heap   total 1441792K, used 375843K [0x0000000700000000, 0x0000000800000000)
  region size 2048K, 17 young (34816K), 17 survivors (34816K)
 Metaspace       used 213410K, committed 214528K, reserved 1245184K
  class space    used 28920K, committed 29440K, reserved 1048576K
}
Event: 3663.673 GC heap before
{Heap before GC invocations=109 (full 0):
 garbage-first heap   total 1441792K, used 422947K [0x0000000700000000, 0x0000000800000000)
  region size 2048K, 41 young (83968K), 17 survivors (34816K)
 Metaspace       used 213440K, committed 214528K, reserved 1245184K
  class space    used 28922K, committed 29440K, reserved 1048576K
}
Event: 3664.072 GC heap after
{Heap after GC invocations=110 (full 1):
 garbage-first heap   total 552960K, used 149276K [0x0000000700000000, 0x0000000800000000)
  region size 2048K, 0 young (0K), 0 survivors (0K)
 Metaspace       used 213420K, committed 214528K, reserved 1245184K
  class space    used 28918K, committed 29440K, reserved 1048576K
}

